<?xml version="1.0" encoding="UTF-8"?>
<!DOCTYPE html PUBLIC "-//W3C//DTD XHTML 1.0 Strict//EN" "http://www.w3.org/TR/xhtml1/DTD/xhtml1-strict.dtd">
<html xmlns="http://www.w3.org/1999/xhtml">
<head>
    <title>桔梗网项目自动化测试报告</title>
    <meta name="generator" content="HTMLTestRunner 0.8.2"/>
    <meta http-equiv="Content-Type" content="text/html; charset=UTF-8"/>
    
<style type="text/css" media="screen">
body        { font-family: verdana, arial, helvetica, sans-serif; font-size: 80%; }
table       { font-size: 100%; }
pre         { }

/* -- heading ---------------------------------------------------------------------- */
h1 {
	font-size: 16pt;
	color: gray;
}
.heading {
    margin-top: 0ex;
    margin-bottom: 1ex;
}

.heading .attribute {
    margin-top: 1ex;
    margin-bottom: 0;
}

.heading .description {
    margin-top: 4ex;
    margin-bottom: 6ex;
}

/* -- css div popup ------------------------------------------------------------------------ */
a.popup_link {
}

a.popup_link:hover {
    color: red;
}

.popup_window {
    display: none;
    position: relative;
    left: 0px;
    top: 0px;
    /*border: solid #627173 1px; */
    padding: 10px;
    background-color: #E6E6D6;
    font-family: "Lucida Console", "Courier New", Courier, monospace;
    text-align: left;
    font-size: 8pt;
    width: 500px;
}

}
/* -- report ------------------------------------------------------------------------ */
#show_detail_line {
    margin-top: 3ex;
    margin-bottom: 1ex;
}
#result_table {
    width: 80%;
    border-collapse: collapse;
    border: 1px solid #777;
}
#header_row {
    font-weight: bold;
    color: white;
    background-color: #777;
}
#result_table td {
    border: 1px solid #777;
    padding: 2px;
}
#total_row  { font-weight: bold; }
.passClass  { background-color: #6c6; }
.failClass  { background-color: #c60; }
.errorClass { background-color: #c00; }
.passCase   { color: #6c6; }
.failCase   { color: #c60; font-weight: bold; }
.errorCase  { color: #c00; font-weight: bold; }
.hiddenRow  { display: none; }
.testcase   { margin-left: 2em; }


/* -- ending ---------------------------------------------------------------------- */
#ending {
}

</style>

</head>
<body>
<script language="javascript" type="text/javascript"><!--
output_list = Array();

/* level - 0:Summary; 1:Failed; 2:All */
function showCase(level) {
    trs = document.getElementsByTagName("tr");
    for (var i = 0; i < trs.length; i++) {
        tr = trs[i];
        id = tr.id;
        if (id.substr(0,2) == 'ft') {
            if (level < 1) {
                tr.className = 'hiddenRow';
            }
            else {
                tr.className = '';
            }
        }
        if (id.substr(0,2) == 'pt') {
            if (level > 1) {
                tr.className = '';
            }
            else {
                tr.className = 'hiddenRow';
            }
        }
    }
}


function showClassDetail(cid, count) {
    var id_list = Array(count);
    var toHide = 1;
    for (var i = 0; i < count; i++) {
        tid0 = 't' + cid.substr(1) + '.' + (i+1);
        tid = 'f' + tid0;
        tr = document.getElementById(tid);
        if (!tr) {
            tid = 'p' + tid0;
            tr = document.getElementById(tid);
        }
        id_list[i] = tid;
        if (tr.className) {
            toHide = 0;
        }
    }
    for (var i = 0; i < count; i++) {
        tid = id_list[i];
        if (toHide) {
            document.getElementById('div_'+tid).style.display = 'none'
            document.getElementById(tid).className = 'hiddenRow';
        }
        else {
            document.getElementById(tid).className = '';
        }
    }
}


function showTestDetail(div_id){
    var details_div = document.getElementById(div_id)
    var displayState = details_div.style.display
    // alert(displayState)
    if (displayState != 'block' ) {
        displayState = 'block'
        details_div.style.display = 'block'
    }
    else {
        details_div.style.display = 'none'
    }
}


function html_escape(s) {
    s = s.replace(/&/g,'&amp;');
    s = s.replace(/</g,'&lt;');
    s = s.replace(/>/g,'&gt;');
    return s;
}

/* obsoleted by detail in <div>
function showOutput(id, name) {
    var w = window.open("", //url
                    name,
                    "resizable,scrollbars,status,width=800,height=450");
    d = w.document;
    d.write("<pre>");
    d.write(html_escape(output_list[id]));
    d.write("\n");
    d.write("<a href='javascript:window.close()'>close</a>\n");
    d.write("</pre>\n");
    d.close();
}
*/
--></script>

<div class='heading'>
<h1>桔梗网项目自动化测试报告</h1>
<p class='attribute'><strong>Start Time:</strong> 2019-10-31 09:28:12</p>
<p class='attribute'><strong>Duration:</strong> 0:05:04.704455</p>
<p class='attribute'><strong>Status:</strong> Pass 3 Error 8</p>

<p class='description'>用例测试情况</p>
</div>



<p id='show_detail_line'>Show
<a href='javascript:showCase(0)'>Summary</a>
<a href='javascript:showCase(1)'>Failed</a>
<a href='javascript:showCase(2)'>All</a>
</p>
<table id='result_table'>
<colgroup>
<col align='left' />
<col align='right' />
<col align='right' />
<col align='right' />
<col align='right' />
<col align='right' />
</colgroup>
<tr id='header_row'>
    <td>Test Group/Test case</td>
    <td>Count</td>
    <td>Pass</td>
    <td>Fail</td>
    <td>Error</td>
    <td>View</td>
</tr>

<tr class='errorClass'>
    <td>testsuites.test_jiegeng.JieGen_Test</td>
    <td>11</td>
    <td>3</td>
    <td>0</td>
    <td>8</td>
    <td><a href="javascript:showClassDetail('c1',11)">Detail</a></td>
</tr>

<tr id='pt1.1' class='hiddenRow'>
    <td class='none'><div class='testcase'>test_01</div></td>
    <td colspan='5' align='center'>pass</td>
</tr>

<tr id='ft1.2' class='none'>
    <td class='errorCase'><div class='testcase'>test_01_login</div></td>
    <td colspan='5' align='center'>

    <!--css div popup start-->
    <a class="popup_link" onfocus='this.blur();' href="javascript:showTestDetail('div_ft1.2')" >
        error</a>

    <div id='div_ft1.2' class="popup_window">
        <div style='text-align: right; color:red;cursor:pointer'>
        <a onfocus='this.blur();' onclick="document.getElementById('div_ft1.2').style.display = 'none' " >
           [x]</a>
        </div>
        <pre>
        
ft1.2: Traceback (most recent call last):
  File "D:\自动化项目\jiegengwang\testsuites\test_jiegeng.py", line 25, in test_01_login
    jghome.login_jiegeng("zhanghao", "h502n0e0y7")
  File "D:\jenkins\workspace\baizhu_jiegengwang\jiegengwang\pages\loginpage.py", line 9, in login_jiegeng
    self.driver.find_element_by_xpath('//*[@id="login"]/span[1]').click()
  File "D:\自动化项目\PycharmProjects\venv\lib\site-packages\selenium\webdriver\remote\webelement.py", line 80, in click
    self._execute(Command.CLICK_ELEMENT)
  File "D:\自动化项目\PycharmProjects\venv\lib\site-packages\selenium\webdriver\remote\webelement.py", line 672, in _execute
    return self._parent.execute(command, params)
  File "D:\自动化项目\PycharmProjects\venv\lib\site-packages\selenium\webdriver\remote\webdriver.py", line 318, in execute
    self.error_handler.check_response(response)
  File "D:\自动化项目\PycharmProjects\venv\lib\site-packages\selenium\webdriver\remote\errorhandler.py", line 240, in check_response
    raise exception_class(message, screen, stacktrace)
selenium.common.exceptions.ElementClickInterceptedException: Message: element click intercepted: Element &lt;span class="register" onclick="_czc.push(['_trackEvent', '桔梗网...', '点击']);"&gt;注册&lt;/span&gt; is not clickable at point (933, 69). Other element would receive the click: &lt;img class="lazyload" width="110px" height="110px" src="/upload/201910191725195757.gif" style="width: 90px; height: 90px;"&gt;
  (Session info: chrome=75.0.3770.142)
  (Driver info: chromedriver=74.0.3729.6 (255758eccf3d244491b8a1317aa76e1ce10d57e9-refs/branch-heads/3729@{#29}),platform=Windows NT 10.0.17763 x86_64)



        </pre>
    </div>
    <!--css div popup end-->

    </td>
</tr>

<tr id='pt1.3' class='hiddenRow'>
    <td class='none'><div class='testcase'>test_02</div></td>
    <td colspan='5' align='center'>pass</td>
</tr>

<tr id='pt1.4' class='hiddenRow'>
    <td class='none'><div class='testcase'>test_03</div></td>
    <td colspan='5' align='center'>pass</td>
</tr>

<tr id='ft1.5' class='none'>
    <td class='errorCase'><div class='testcase'>test_04</div></td>
    <td colspan='5' align='center'>

    <!--css div popup start-->
    <a class="popup_link" onfocus='this.blur();' href="javascript:showTestDetail('div_ft1.5')" >
        error</a>

    <div id='div_ft1.5' class="popup_window">
        <div style='text-align: right; color:red;cursor:pointer'>
        <a onfocus='this.blur();' onclick="document.getElementById('div_ft1.5').style.display = 'none' " >
           [x]</a>
        </div>
        <pre>
        
ft1.5: Traceback (most recent call last):
  File "D:\自动化项目\jiegengwang\testsuites\test_jiegeng.py", line 34, in test_04
    jghome.dianshiju_moudle()
  File "D:\jenkins\workspace\baizhu_jiegengwang\jiegengwang\pages\dianshijupage.py", line 79, in dianshiju_moudle
    self.switchHandle_DianShiJu_CheckBoxs('/html/body/div[3]/div[1]/div[2]/dl[1]/dd/span/a')
  File "D:\jenkins\workspace\baizhu_jiegengwang\jiegengwang\pages\dianshijupage.py", line 44, in switchHandle_DianShiJu_CheckBoxs
    k.click()
  File "D:\自动化项目\PycharmProjects\venv\lib\site-packages\selenium\webdriver\remote\webelement.py", line 80, in click
    self._execute(Command.CLICK_ELEMENT)
  File "D:\自动化项目\PycharmProjects\venv\lib\site-packages\selenium\webdriver\remote\webelement.py", line 672, in _execute
    return self._parent.execute(command, params)
  File "D:\自动化项目\PycharmProjects\venv\lib\site-packages\selenium\webdriver\remote\webdriver.py", line 318, in execute
    self.error_handler.check_response(response)
  File "D:\自动化项目\PycharmProjects\venv\lib\site-packages\selenium\webdriver\remote\errorhandler.py", line 240, in check_response
    raise exception_class(message, screen, stacktrace)
selenium.common.exceptions.ElementNotVisibleException: Message: element not interactable
  (Session info: chrome=75.0.3770.142)
  (Driver info: chromedriver=74.0.3729.6 (255758eccf3d244491b8a1317aa76e1ce10d57e9-refs/branch-heads/3729@{#29}),platform=Windows NT 10.0.17763 x86_64)



        </pre>
    </div>
    <!--css div popup end-->

    </td>
</tr>

<tr id='ft1.6' class='none'>
    <td class='errorCase'><div class='testcase'>test_05</div></td>
    <td colspan='5' align='center'>

    <!--css div popup start-->
    <a class="popup_link" onfocus='this.blur();' href="javascript:showTestDetail('div_ft1.6')" >
        error</a>

    <div id='div_ft1.6' class="popup_window">
        <div style='text-align: right; color:red;cursor:pointer'>
        <a onfocus='this.blur();' onclick="document.getElementById('div_ft1.6').style.display = 'none' " >
           [x]</a>
        </div>
        <pre>
        
ft1.6: Traceback (most recent call last):
  File "D:\自动化项目\jiegengwang\testsuites\test_jiegeng.py", line 37, in test_05
    jghome.remenyouxi_moudle()
  File "D:\jenkins\workspace\baizhu_jiegengwang\jiegengwang\pages\remenyouxipage.py", line 28, in remenyouxi_moudle
    self.click_by_xpath('//*[@id="menus"]/li[7]/a/span')
  File "D:\jenkins\workspace\baizhu_jiegengwang\jiegengwang\pages\basepage.py", line 57, in click_by_xpath
    txt = self.driver.find_element_by_xpath(xpath).text
  File "D:\自动化项目\PycharmProjects\venv\lib\site-packages\selenium\webdriver\remote\webdriver.py", line 399, in find_element_by_xpath
    return self.find_element(by=By.XPATH, value=xpath)
  File "D:\自动化项目\PycharmProjects\venv\lib\site-packages\selenium\webdriver\remote\webdriver.py", line 1014, in find_element
    'value': value})['value']
  File "D:\自动化项目\PycharmProjects\venv\lib\site-packages\selenium\webdriver\remote\webdriver.py", line 318, in execute
    self.error_handler.check_response(response)
  File "D:\自动化项目\PycharmProjects\venv\lib\site-packages\selenium\webdriver\remote\errorhandler.py", line 240, in check_response
    raise exception_class(message, screen, stacktrace)
selenium.common.exceptions.NoSuchElementException: Message: no such element: Unable to locate element: {"method":"xpath","selector":"//*[@id="menus"]/li[7]/a/span"}
  (Session info: chrome=75.0.3770.142)
  (Driver info: chromedriver=74.0.3729.6 (255758eccf3d244491b8a1317aa76e1ce10d57e9-refs/branch-heads/3729@{#29}),platform=Windows NT 10.0.17763 x86_64)



        </pre>
    </div>
    <!--css div popup end-->

    </td>
</tr>

<tr id='ft1.7' class='none'>
    <td class='errorCase'><div class='testcase'>test_06</div></td>
    <td colspan='5' align='center'>

    <!--css div popup start-->
    <a class="popup_link" onfocus='this.blur();' href="javascript:showTestDetail('div_ft1.7')" >
        error</a>

    <div id='div_ft1.7' class="popup_window">
        <div style='text-align: right; color:red;cursor:pointer'>
        <a onfocus='this.blur();' onclick="document.getElementById('div_ft1.7').style.display = 'none' " >
           [x]</a>
        </div>
        <pre>
        
ft1.7: Traceback (most recent call last):
  File "D:\自动化项目\jiegengwang\testsuites\test_jiegeng.py", line 40, in test_06
    jghome.box_famoussite_moudle()
  File "D:\jenkins\workspace\baizhu_jiegengwang\jiegengwang\jiegeng_framework\jghome.py", line 87, in box_famoussite_moudle
    self.radio_click('// *[ @ id = "topzixun-over"] / div / p[1] / a / span')
  File "D:\jenkins\workspace\baizhu_jiegengwang\jiegengwang\pages\basepage.py", line 93, in radio_click
    pages = self.driver.find_element_by_xpath(xpath)
  File "D:\自动化项目\PycharmProjects\venv\lib\site-packages\selenium\webdriver\remote\webdriver.py", line 399, in find_element_by_xpath
    return self.find_element(by=By.XPATH, value=xpath)
  File "D:\自动化项目\PycharmProjects\venv\lib\site-packages\selenium\webdriver\remote\webdriver.py", line 1014, in find_element
    'value': value})['value']
  File "D:\自动化项目\PycharmProjects\venv\lib\site-packages\selenium\webdriver\remote\webdriver.py", line 318, in execute
    self.error_handler.check_response(response)
  File "D:\自动化项目\PycharmProjects\venv\lib\site-packages\selenium\webdriver\remote\errorhandler.py", line 240, in check_response
    raise exception_class(message, screen, stacktrace)
selenium.common.exceptions.NoSuchElementException: Message: no such element: Unable to locate element: {"method":"xpath","selector":"// *[ @ id = "topzixun-over"] / div / p[1] / a / span"}
  (Session info: chrome=75.0.3770.142)
  (Driver info: chromedriver=74.0.3729.6 (255758eccf3d244491b8a1317aa76e1ce10d57e9-refs/branch-heads/3729@{#29}),platform=Windows NT 10.0.17763 x86_64)



        </pre>
    </div>
    <!--css div popup end-->

    </td>
</tr>

<tr id='ft1.8' class='none'>
    <td class='errorCase'><div class='testcase'>test_07</div></td>
    <td colspan='5' align='center'>

    <!--css div popup start-->
    <a class="popup_link" onfocus='this.blur();' href="javascript:showTestDetail('div_ft1.8')" >
        error</a>

    <div id='div_ft1.8' class="popup_window">
        <div style='text-align: right; color:red;cursor:pointer'>
        <a onfocus='this.blur();' onclick="document.getElementById('div_ft1.8').style.display = 'none' " >
           [x]</a>
        </div>
        <pre>
        
ft1.8: Traceback (most recent call last):
  File "D:\自动化项目\jiegengwang\testsuites\test_jiegeng.py", line 43, in test_07
    jghome.id_layout_moudle()
  File "D:\jenkins\workspace\baizhu_jiegengwang\jiegengwang\jiegeng_framework\jghome.py", line 100, in id_layout_moudle
    self.radio_click('//*[@id="topzixun-over"]/div/p[1]/a[@data-id = "10466"]')
  File "D:\jenkins\workspace\baizhu_jiegengwang\jiegengwang\pages\basepage.py", line 93, in radio_click
    pages = self.driver.find_element_by_xpath(xpath)
  File "D:\自动化项目\PycharmProjects\venv\lib\site-packages\selenium\webdriver\remote\webdriver.py", line 399, in find_element_by_xpath
    return self.find_element(by=By.XPATH, value=xpath)
  File "D:\自动化项目\PycharmProjects\venv\lib\site-packages\selenium\webdriver\remote\webdriver.py", line 1014, in find_element
    'value': value})['value']
  File "D:\自动化项目\PycharmProjects\venv\lib\site-packages\selenium\webdriver\remote\webdriver.py", line 318, in execute
    self.error_handler.check_response(response)
  File "D:\自动化项目\PycharmProjects\venv\lib\site-packages\selenium\webdriver\remote\errorhandler.py", line 240, in check_response
    raise exception_class(message, screen, stacktrace)
selenium.common.exceptions.NoSuchElementException: Message: no such element: Unable to locate element: {"method":"xpath","selector":"//*[@id="topzixun-over"]/div/p[1]/a[@data-id = "10466"]"}
  (Session info: chrome=75.0.3770.142)
  (Driver info: chromedriver=74.0.3729.6 (255758eccf3d244491b8a1317aa76e1ce10d57e9-refs/branch-heads/3729@{#29}),platform=Windows NT 10.0.17763 x86_64)



        </pre>
    </div>
    <!--css div popup end-->

    </td>
</tr>

<tr id='ft1.9' class='none'>
    <td class='errorCase'><div class='testcase'>test_08</div></td>
    <td colspan='5' align='center'>

    <!--css div popup start-->
    <a class="popup_link" onfocus='this.blur();' href="javascript:showTestDetail('div_ft1.9')" >
        error</a>

    <div id='div_ft1.9' class="popup_window">
        <div style='text-align: right; color:red;cursor:pointer'>
        <a onfocus='this.blur();' onclick="document.getElementById('div_ft1.9').style.display = 'none' " >
           [x]</a>
        </div>
        <pre>
        
ft1.9: Traceback (most recent call last):
  File "D:\自动化项目\jiegengwang\testsuites\test_jiegeng.py", line 46, in test_08
    jghome.frame_moudle()
  File "D:\jenkins\workspace\baizhu_jiegengwang\jiegengwang\jiegeng_framework\jghome.py", line 107, in frame_moudle
    self.switchframe('//*[@id="wrapper"]/div[1]/ul/li[1]/a')
  File "D:\jenkins\workspace\baizhu_jiegengwang\jiegengwang\pages\basepage.py", line 209, in switchframe
    self.driver.switch_to.frame('myFrame')
  File "D:\自动化项目\PycharmProjects\venv\lib\site-packages\selenium\webdriver\remote\switch_to.py", line 97, in frame
    self._driver.execute(Command.SWITCH_TO_FRAME, {'id': frame_reference})
  File "D:\自动化项目\PycharmProjects\venv\lib\site-packages\selenium\webdriver\remote\webdriver.py", line 318, in execute
    self.error_handler.check_response(response)
  File "D:\自动化项目\PycharmProjects\venv\lib\site-packages\selenium\webdriver\remote\errorhandler.py", line 240, in check_response
    raise exception_class(message, screen, stacktrace)
selenium.common.exceptions.NoSuchFrameException: Message: no such frame
  (Session info: chrome=75.0.3770.142)
  (Driver info: chromedriver=74.0.3729.6 (255758eccf3d244491b8a1317aa76e1ce10d57e9-refs/branch-heads/3729@{#29}),platform=Windows NT 10.0.17763 x86_64)



        </pre>
    </div>
    <!--css div popup end-->

    </td>
</tr>

<tr id='ft1.10' class='none'>
    <td class='errorCase'><div class='testcase'>test_09</div></td>
    <td colspan='5' align='center'>

    <!--css div popup start-->
    <a class="popup_link" onfocus='this.blur();' href="javascript:showTestDetail('div_ft1.10')" >
        error</a>

    <div id='div_ft1.10' class="popup_window">
        <div style='text-align: right; color:red;cursor:pointer'>
        <a onfocus='this.blur();' onclick="document.getElementById('div_ft1.10').style.display = 'none' " >
           [x]</a>
        </div>
        <pre>
        
ft1.10: Traceback (most recent call last):
  File "D:\自动化项目\jiegengwang\testsuites\test_jiegeng.py", line 49, in test_09
    jghome.toplist_soft_moudle()
  File "D:\jenkins\workspace\baizhu_jiegengwang\jiegengwang\jiegeng_framework\jghome.py", line 145, in toplist_soft_moudle
    self.radio_click('//*[@id="navigate"]/a[1]/span')
  File "D:\jenkins\workspace\baizhu_jiegengwang\jiegengwang\pages\basepage.py", line 93, in radio_click
    pages = self.driver.find_element_by_xpath(xpath)
  File "D:\自动化项目\PycharmProjects\venv\lib\site-packages\selenium\webdriver\remote\webdriver.py", line 399, in find_element_by_xpath
    return self.find_element(by=By.XPATH, value=xpath)
  File "D:\自动化项目\PycharmProjects\venv\lib\site-packages\selenium\webdriver\remote\webdriver.py", line 1014, in find_element
    'value': value})['value']
  File "D:\自动化项目\PycharmProjects\venv\lib\site-packages\selenium\webdriver\remote\webdriver.py", line 318, in execute
    self.error_handler.check_response(response)
  File "D:\自动化项目\PycharmProjects\venv\lib\site-packages\selenium\webdriver\remote\errorhandler.py", line 240, in check_response
    raise exception_class(message, screen, stacktrace)
selenium.common.exceptions.NoSuchElementException: Message: no such element: Unable to locate element: {"method":"xpath","selector":"//*[@id="navigate"]/a[1]/span"}
  (Session info: chrome=75.0.3770.142)
  (Driver info: chromedriver=74.0.3729.6 (255758eccf3d244491b8a1317aa76e1ce10d57e9-refs/branch-heads/3729@{#29}),platform=Windows NT 10.0.17763 x86_64)



        </pre>
    </div>
    <!--css div popup end-->

    </td>
</tr>

<tr id='ft1.11' class='none'>
    <td class='errorCase'><div class='testcase'>test_10</div></td>
    <td colspan='5' align='center'>

    <!--css div popup start-->
    <a class="popup_link" onfocus='this.blur();' href="javascript:showTestDetail('div_ft1.11')" >
        error</a>

    <div id='div_ft1.11' class="popup_window">
        <div style='text-align: right; color:red;cursor:pointer'>
        <a onfocus='this.blur();' onclick="document.getElementById('div_ft1.11').style.display = 'none' " >
           [x]</a>
        </div>
        <pre>
        
ft1.11: Traceback (most recent call last):
  File "D:\自动化项目\jiegengwang\testsuites\test_jiegeng.py", line 52, in test_10
    jghome.coolsite_moudle()
  File "D:\jenkins\workspace\baizhu_jiegengwang\jiegengwang\jiegeng_framework\jghome.py", line 159, in coolsite_moudle
    self.radio_click('//*[@id="coolsite-group0"]/div[1]/span[2]/a')
  File "D:\jenkins\workspace\baizhu_jiegengwang\jiegengwang\pages\basepage.py", line 93, in radio_click
    pages = self.driver.find_element_by_xpath(xpath)
  File "D:\自动化项目\PycharmProjects\venv\lib\site-packages\selenium\webdriver\remote\webdriver.py", line 399, in find_element_by_xpath
    return self.find_element(by=By.XPATH, value=xpath)
  File "D:\自动化项目\PycharmProjects\venv\lib\site-packages\selenium\webdriver\remote\webdriver.py", line 1014, in find_element
    'value': value})['value']
  File "D:\自动化项目\PycharmProjects\venv\lib\site-packages\selenium\webdriver\remote\webdriver.py", line 318, in execute
    self.error_handler.check_response(response)
  File "D:\自动化项目\PycharmProjects\venv\lib\site-packages\selenium\webdriver\remote\errorhandler.py", line 240, in check_response
    raise exception_class(message, screen, stacktrace)
selenium.common.exceptions.NoSuchElementException: Message: no such element: Unable to locate element: {"method":"xpath","selector":"//*[@id="coolsite-group0"]/div[1]/span[2]/a"}
  (Session info: chrome=75.0.3770.142)
  (Driver info: chromedriver=74.0.3729.6 (255758eccf3d244491b8a1317aa76e1ce10d57e9-refs/branch-heads/3729@{#29}),platform=Windows NT 10.0.17763 x86_64)



        </pre>
    </div>
    <!--css div popup end-->

    </td>
</tr>

<tr id='total_row'>
    <td>Total</td>
    <td>11</td>
    <td>3</td>
    <td>0</td>
    <td>8</td>
    <td>&nbsp;</td>
</tr>
</table>

<div id='ending'>&nbsp;</div>

</body>
</html>
